[2020-10-19 09:14:54Z INFO HostContext] No proxy settings were found based on environmental variables (http_proxy/https_proxy/HTTP_PROXY/HTTPS_PROXY)
[2020-10-19 09:14:54Z INFO HostContext] Well known directory 'Bin': '/home/sandro/web/eslint-config-cecilia/actions-runner/bin'
[2020-10-19 09:14:54Z INFO HostContext] Well known directory 'Root': '/home/sandro/web/eslint-config-cecilia/actions-runner'
[2020-10-19 09:14:54Z INFO HostContext] Well known config file 'Credentials': '/home/sandro/web/eslint-config-cecilia/actions-runner/.credentials'
[2020-10-19 09:14:54Z INFO Worker] Version: 2.273.5
[2020-10-19 09:14:54Z INFO Worker] Commit: a79bab4b3c993a205a2d73d2b618299d8a96bd26
[2020-10-19 09:14:54Z INFO Worker] Culture: en-US
[2020-10-19 09:14:54Z INFO Worker] UI Culture: en-US
[2020-10-19 09:14:54Z INFO Worker] Waiting to receive the job message from the channel.
[2020-10-19 09:14:54Z INFO Worker] Message received.
[2020-10-19 09:14:54Z INFO Worker] Job message:
 {
  "fileTable": [
    ".github/workflows/node.js.yml"
  ],
  "mask": [
    {
      "type": "regex",
      "value": "***"
    },
    {
      "type": "regex",
      "value": "***"
    },
    {
      "type": "regex",
      "value": "***"
    },
    {
      "type": "regex",
      "value": "***"
    },
    {
      "type": "regex",
      "value": "***"
    }
  ],
  "steps": [
    {
      "type": "action",
      "reference": {
        "type": "repository",
        "name": "actions/checkout",
        "ref": "v2",
        "repositoryType": "GitHub",
        "path": ""
      },
      "condition": "success()",
      "id": "56825445-2bcd-5dc9-133e-3e301c6fbe2a",
      "name": "actionscheckout"
    },
    {
      "type": "action",
      "reference": {
        "type": "repository",
        "name": "actions/setup-node",
        "ref": "v1",
        "repositoryType": "GitHub",
        "path": ""
      },
      "displayNameToken": {
        "type": 3,
        "file": 1,
        "line": 21,
        "col": 13,
        "expr": "format('Use Node.js {0}', matrix.node-version)"
      },
      "inputs": {
        "type": 2,
        "file": 1,
        "line": 24,
        "col": 9,
        "map": [
          {
            "key": {
              "type": 0,
              "file": 1,
              "line": 24,
              "col": 9,
              "lit": "node-version"
            },
            "value": {
              "type": 3,
              "file": 1,
              "line": 24,
              "col": 23,
              "expr": "matrix.node-version"
            }
          }
        ]
      },
      "condition": "success()",
      "id": "991352c2-9e91-5ad8-bc41-8505c4491f19",
      "name": "actionssetup-node"
    },
    {
      "type": "action",
      "reference": {
        "type": "script"
      },
      "inputs": {
        "type": 2,
        "map": [
          {
            "key": "script",
            "value": {
              "type": 0,
              "file": 1,
              "line": 25,
              "col": 12,
              "lit": "yarn ci"
            }
          }
        ]
      },
      "condition": "success()",
      "id": "ec94ed4c-090e-5d8d-d9f6-d75673a2e0f4",
      "name": "run1"
    },
    {
      "type": "action",
      "reference": {
        "type": "script"
      },
      "inputs": {
        "type": 2,
        "map": [
          {
            "key": "script",
            "value": {
              "type": 0,
              "file": 1,
              "line": 26,
              "col": 12,
              "lit": "yarn test"
            }
          }
        ]
      },
      "condition": "success()",
      "id": "35a6099b-55bb-59a5-08f9-7598acb3ad1a",
      "name": "run2"
    }
  ],
  "variables": {
    "system.isScheduled": {
      "value": "False"
    },
    "system": {
      "value": "actions"
    },
    "system.hosttype": {
      "value": "actions"
    },
    "system.servertype": {
      "value": "Hosted"
    },
    "system.culture": {
      "value": "en-US"
    },
    "system.collectionId": {
      "value": "6ca2c249-1c06-4da9-89ad-56eb9b034113"
    },
    "system.collectionUri": {
      "value": "https://pipelines.actions.githubusercontent.com/EZV3yuNtJkiMfuogBJg9msYAltt52ZBsMeEhGFYGv6nqRlc8aU/"
    },
    "system.taskDefinitionsUri": {
      "value": "https://pipelines.actions.githubusercontent.com/EZV3yuNtJkiMfuogBJg9msYAltt52ZBsMeEhGFYGv6nqRlc8aU/"
    },
    "system.pipelineStartTime": {
      "value": "2020-10-19 09:13:57+00:00"
    },
    "system.definitionId": {
      "value": "3"
    },
    "DistributedTask.NewActionMetadata": {
      "value": "true"
    },
    "DistributedTask.UseContextNameForGITHUBACTION": {
      "value": "true"
    },
    "system.teamProjectId": {
      "value": "00000000-0000-0000-0000-000000000000"
    },
    "build.buildId": {
      "value": "3"
    },
    "build.containerId": {
      "value": "956082"
    },
    "system.definitionName": {
      "value": "eslint-config-cecilia"
    },
    "system.planId": {
      "value": "2e8070cc-6a57-43c2-ab48-37298f1ab6f2"
    },
    "system.timelineId": {
      "value": "2e8070cc-6a57-43c2-ab48-37298f1ab6f2"
    },
    "system.stageDisplayName": {
      "value": "__default"
    },
    "system.stageId": {
      "value": "96ac2280-8cb4-5df5-99de-dd2da759617d"
    },
    "system.stageName": {
      "value": "__default"
    },
    "system.stageAttempt": {
      "value": "1"
    },
    "system.phaseDisplayName": {
      "value": "build"
    },
    "system.phaseId": {
      "value": "6884a131-87da-5381-61f3-d7acc3b91d76"
    },
    "system.phaseName": {
      "value": "build"
    },
    "system.phaseAttempt": {
      "value": "1"
    },
    "system.jobIdentifier": {
      "value": "build._12_x"
    },
    "system.jobAttempt": {
      "value": "1"
    },
    "System.JobPositionInPhase": {
      "value": "2"
    },
    "System.TotalJobsInPhase": {
      "value": "3"
    },
    "system.github.job": {
      "value": "build"
    },
    "system.jobDisplayName": {
      "value": "build (12.x)"
    },
    "system.jobId": {
      "value": "a9a345e6-1106-5aaa-6fe5-f842db892828"
    },
    "system.jobName": {
      "value": "_12_x"
    },
    "system.github.token": {
      "value": "***",
      "isSecret": true
    },
    "github_token": {
      "value": "***",
      "isSecret": true
    },
    "system.runnerGroupName": {
      "value": "Default"
    }
  },
  "messageType": "PipelineAgentJobRequest",
  "plan": {
    "scopeIdentifier": "00000000-0000-0000-0000-000000000000",
    "planType": "Actions",
    "version": 12,
    "planId": "2e8070cc-6a57-43c2-ab48-37298f1ab6f2",
    "planGroup": "Actions:00000000-0000-0000-0000-000000000000:1",
    "artifactUri": "vstfs:///Build/Build/3",
    "artifactLocation": null,
    "definition": {
      "_links": {},
      "id": 3,
      "name": "eslint-config-cecilia"
    },
    "owner": {
      "_links": {},
      "id": 3,
      "name": "SandroMiguel"
    }
  },
  "timeline": {
    "id": "2e8070cc-6a57-43c2-ab48-37298f1ab6f2",
    "changeId": 15,
    "location": null
  },
  "jobId": "a9a345e6-1106-5aaa-6fe5-f842db892828",
  "jobDisplayName": "build (12.x)",
  "jobName": "_12_x",
  "requestId": 5,
  "lockedUntil": "0001-01-01T00:00:00",
  "resources": {
    "endpoints": [
      {
        "data": {
          "ServerId": "6ca2c249-1c06-4da9-89ad-56eb9b034113",
          "ServerName": "EZV3yuNtJkiMfuogBJg9msYAltt52ZBsMeEhGFYGv6nqRlc8aU",
          "CacheServerUrl": "https://artifactcache.actions.githubusercontent.com/EZV3yuNtJkiMfuogBJg9msYAltt52ZBsMeEhGFYGv6nqRlc8aU/"
        },
        "name": "SystemVssConnection",
        "url": "https://pipelines.actions.githubusercontent.com/EZV3yuNtJkiMfuogBJg9msYAltt52ZBsMeEhGFYGv6nqRlc8aU/",
        "authorization": {
          "parameters": {
            "AccessToken": ***
          },
          "scheme": "OAuth"
        },
        "isShared": false,
        "isReady": true
      }
    ]
  },
  "contextData": {
    "github": {
      "t": 2,
      "d": [
        {
          "k": "ref",
          "v": "refs/heads/master"
        },
        {
          "k": "sha",
          "v": "f9744bf1982273e0bf72f909a512b6e0289121cb"
        },
        {
          "k": "repository",
          "v": "SandroMiguel/eslint-config-cecilia"
        },
        {
          "k": "repository_owner",
          "v": "SandroMiguel"
        },
        {
          "k": "repositoryUrl",
          "v": "git://github.com/SandroMiguel/eslint-config-cecilia.git"
        },
        {
          "k": "run_id",
          "v": "315127524"
        },
        {
          "k": "run_number",
          "v": "2"
        },
        {
          "k": "retention_days",
          "v": "90"
        },
        {
          "k": "actor",
          "v": "SandroMiguel"
        },
        {
          "k": "workflow",
          "v": "Node.js CI"
        },
        {
          "k": "head_ref",
          "v": ""
        },
        {
          "k": "base_ref",
          "v": ""
        },
        {
          "k": "event_name",
          "v": "push"
        },
        {
          "k": "event",
          "v": {
            "t": 2,
            "d": [
              {
                "k": "after",
                "v": "f9744bf1982273e0bf72f909a512b6e0289121cb"
              },
              {
                "k": "base_ref",
                "v": null
              },
              {
                "k": "before",
                "v": "368d43abc6a59c25ff8ed7663da51c43d62e7900"
              },
              {
                "k": "commits",
                "v": {
                  "t": 1,
                  "a": [
                    {
                      "t": 2,
                      "d": [
                        {
                          "k": "author",
                          "v": {
                            "t": 2,
                            "d": [
                              {
                                "k": "email",
                                "v": "sandromiguel@sandromiguel.com"
                              },
                              {
                                "k": "name",
                                "v": "Sandro Miguel Marques"
                              },
                              {
                                "k": "username",
                                "v": "SandroMiguel"
                              }
                            ]
                          }
                        },
                        {
                          "k": "committer",
                          "v": {
                            "t": 2,
                            "d": [
                              {
                                "k": "email",
                                "v": "noreply@github.com"
                              },
                              {
                                "k": "name",
                                "v": "GitHub"
                              },
                              {
                                "k": "username",
                                "v": "web-flow"
                              }
                            ]
                          }
                        },
                        {
                          "k": "distinct",
                          "v": true
                        },
                        {
                          "k": "id",
                          "v": "f9744bf1982273e0bf72f909a512b6e0289121cb"
                        },
                        {
                          "k": "message",
                          "v": "Update node.js.yml"
                        },
                        {
                          "k": "timestamp",
                          "v": "2020-10-19T10:13:41+01:00"
                        },
                        {
                          "k": "tree_id",
                          "v": "f5f1e85bc07e80d925005b27d74de54444c54c7d"
                        },
                        {
                          "k": "url",
                          "v": "https://github.com/SandroMiguel/eslint-config-cecilia/commit/f9744bf1982273e0bf72f909a512b6e0289121cb"
                        }
                      ]
                    }
                  ]
                }
              },
              {
                "k": "compare",
                "v": "https://github.com/SandroMiguel/eslint-config-cecilia/compare/368d43abc6a5...f9744bf19822"
              },
              {
                "k": "created",
                "v": false
              },
              {
                "k": "deleted",
                "v": false
              },
              {
                "k": "forced",
                "v": false
              },
              {
                "k": "head_commit",
                "v": {
                  "t": 2,
                  "d": [
                    {
                      "k": "author",
                      "v": {
                        "t": 2,
                        "d": [
                          {
                            "k": "email",
                            "v": "sandromiguel@sandromiguel.com"
                          },
                          {
                            "k": "name",
                            "v": "Sandro Miguel Marques"
                          },
                          {
                            "k": "username",
                            "v": "SandroMiguel"
                          }
                        ]
                      }
                    },
                    {
                      "k": "committer",
                      "v": {
                        "t": 2,
                        "d": [
                          {
                            "k": "email",
                            "v": "noreply@github.com"
                          },
                          {
                            "k": "name",
                            "v": "GitHub"
                          },
                          {
                            "k": "username",
                            "v": "web-flow"
                          }
                        ]
                      }
                    },
                    {
                      "k": "distinct",
                      "v": true
                    },
                    {
                      "k": "id",
                      "v": "f9744bf1982273e0bf72f909a512b6e0289121cb"
                    },
                    {
                      "k": "message",
                      "v": "Update node.js.yml"
                    },
                    {
                      "k": "timestamp",
                      "v": "2020-10-19T10:13:41+01:00"
                    },
                    {
                      "k": "tree_id",
                      "v": "f5f1e85bc07e80d925005b27d74de54444c54c7d"
                    },
                    {
                      "k": "url",
                      "v": "https://github.com/SandroMiguel/eslint-config-cecilia/commit/f9744bf1982273e0bf72f909a512b6e0289121cb"
                    }
                  ]
                }
              },
              {
                "k": "pusher",
                "v": {
                  "t": 2,
                  "d": [
                    {
                      "k": "email",
                      "v": "sandromiguel@sandromiguel.com"
                    },
                    {
                      "k": "name",
                      "v": "SandroMiguel"
                    }
                  ]
                }
              },
              {
                "k": "ref",
                "v": "refs/heads/master"
              },
              {
                "k": "repository",
                "v": {
                  "t": 2,
                  "d": [
                    {
                      "k": "archive_url",
                      "v": "https://api.github.com/repos/SandroMiguel/eslint-config-cecilia/{archive_format}{/ref}"
                    },
                    {
                      "k": "archived",
                      "v": false
                    },
                    {
                      "k": "assignees_url",
                      "v": "https://api.github.com/repos/SandroMiguel/eslint-config-cecilia/assignees{/user}"
                    },
                    {
                      "k": "blobs_url",
                      "v": "https://api.github.com/repos/SandroMiguel/eslint-config-cecilia/git/blobs{/sha}"
                    },
                    {
                      "k": "branches_url",
                      "v": "https://api.github.com/repos/SandroMiguel/eslint-config-cecilia/branches{/branch}"
                    },
                    {
                      "k": "clone_url",
                      "v": "https://github.com/SandroMiguel/eslint-config-cecilia.git"
                    },
                    {
                      "k": "collaborators_url",
                      "v": "https://api.github.com/repos/SandroMiguel/eslint-config-cecilia/collaborators{/collaborator}"
                    },
                    {
                      "k": "comments_url",
                      "v": "https://api.github.com/repos/SandroMiguel/eslint-config-cecilia/comments{/number}"
                    },
                    {
                      "k": "commits_url",
                      "v": "https://api.github.com/repos/SandroMiguel/eslint-config-cecilia/commits{/sha}"
                    },
                    {
                      "k": "compare_url",
                      "v": "https://api.github.com/repos/SandroMiguel/eslint-config-cecilia/compare/{base}...{head}"
                    },
                    {
                      "k": "contents_url",
                      "v": "https://api.github.com/repos/SandroMiguel/eslint-config-cecilia/contents/{+path}"
                    },
                    {
                      "k": "contributors_url",
                      "v": "https://api.github.com/repos/SandroMiguel/eslint-config-cecilia/contributors"
                    },
                    {
                      "k": "created_at",
                      "v": 1547564327.0
                    },
                    {
                      "k": "default_branch",
                      "v": "master"
                    },
                    {
                      "k": "deployments_url",
                      "v": "https://api.github.com/repos/SandroMiguel/eslint-config-cecilia/deployments"
                    },
                    {
                      "k": "description",
                      "v": "ESLint configuration for awesome projects"
                    },
                    {
                      "k": "disabled",
                      "v": false
                    },
                    {
                      "k": "downloads_url",
                      "v": "https://api.github.com/repos/SandroMiguel/eslint-config-cecilia/downloads"
                    },
                    {
                      "k": "events_url",
                      "v": "https://api.github.com/repos/SandroMiguel/eslint-config-cecilia/events"
                    },
                    {
                      "k": "fork",
                      "v": false
                    },
                    {
                      "k": "forks",
                      "v": 0.0
                    },
                    {
                      "k": "forks_count",
                      "v": 0.0
                    },
                    {
                      "k": "forks_url",
                      "v": "https://api.github.com/repos/SandroMiguel/eslint-config-cecilia/forks"
                    },
                    {
                      "k": "full_name",
                      "v": "SandroMiguel/eslint-config-cecilia"
                    },
                    {
                      "k": "git_commits_url",
                      "v": "https://api.github.com/repos/SandroMiguel/eslint-config-cecilia/git/commits{/sha}"
                    },
                    {
                      "k": "git_refs_url",
                      "v": "https://api.github.com/repos/SandroMiguel/eslint-config-cecilia/git/refs{/sha}"
                    },
                    {
                      "k": "git_tags_url",
                      "v": "https://api.github.com/repos/SandroMiguel/eslint-config-cecilia/git/tags{/sha}"
                    },
                    {
                      "k": "git_url",
                      "v": "git://github.com/SandroMiguel/eslint-config-cecilia.git"
                    },
                    {
                      "k": "has_downloads",
                      "v": true
                    },
                    {
                      "k": "has_issues",
                      "v": true
                    },
                    {
                      "k": "has_pages",
                      "v": false
                    },
                    {
                      "k": "has_projects",
                      "v": true
                    },
                    {
                      "k": "has_wiki",
                      "v": true
                    },
                    {
                      "k": "homepage",
                      "v": "https://www.npmjs.com/package/eslint-config-cecilia"
                    },
                    {
                      "k": "hooks_url",
                      "v": "https://api.github.com/repos/SandroMiguel/eslint-config-cecilia/hooks"
                    },
                    {
                      "k": "html_url",
                      "v": "https://github.com/SandroMiguel/eslint-config-cecilia"
                    },
                    {
                      "k": "id",
                      "v": 165870113.0
                    },
                    {
                      "k": "issue_comment_url",
                      "v": "https://api.github.com/repos/SandroMiguel/eslint-config-cecilia/issues/comments{/number}"
                    },
                    {
                      "k": "issue_events_url",
                      "v": "https://api.github.com/repos/SandroMiguel/eslint-config-cecilia/issues/events{/number}"
                    },
                    {
                      "k": "issues_url",
                      "v": "https://api.github.com/repos/SandroMiguel/eslint-config-cecilia/issues{/number}"
                    },
                    {
                      "k": "keys_url",
                      "v": "https://api.github.com/repos/SandroMiguel/eslint-config-cecilia/keys{/key_id}"
                    },
                    {
                      "k": "labels_url",
                      "v": "https://api.github.com/repos/SandroMiguel/eslint-config-cecilia/labels{/name}"
                    },
                    {
                      "k": "language",
                      "v": "JavaScript"
                    },
                    {
                      "k": "languages_url",
                      "v": "https://api.github.com/repos/SandroMiguel/eslint-config-cecilia/languages"
                    },
                    {
                      "k": "license",
                      "v": {
                        "t": 2,
                        "d": [
                          {
                            "k": "key",
                            "v": "mit"
                          },
                          {
                            "k": "name",
                            "v": "MIT License"
                          },
                          {
                            "k": "node_id",
                            "v": "MDc6TGljZW5zZTEz"
                          },
                          {
                            "k": "spdx_id",
                            "v": "MIT"
                          },
                          {
                            "k": "url",
                            "v": "https://api.github.com/licenses/mit"
                          }
                        ]
                      }
                    },
                    {
                      "k": "master_branch",
                      "v": "master"
                    },
                    {
                      "k": "merges_url",
                      "v": "https://api.github.com/repos/SandroMiguel/eslint-config-cecilia/merges"
                    },
                    {
                      "k": "milestones_url",
                      "v": "https://api.github.com/repos/SandroMiguel/eslint-config-cecilia/milestones{/number}"
                    },
                    {
                      "k": "mirror_url",
                      "v": null
                    },
                    {
                      "k": "name",
                      "v": "eslint-config-cecilia"
                    },
                    {
                      "k": "node_id",
                      "v": "MDEwOlJlcG9zaXRvcnkxNjU4NzAxMTM="
                    },
                    {
                      "k": "notifications_url",
                      "v": "https://api.github.com/repos/SandroMiguel/eslint-config-cecilia/notifications{?since,all,participating}"
                    },
                    {
                      "k": "open_issues",
                      "v": 0.0
                    },
                    {
                      "k": "open_issues_count",
                      "v": 0.0
                    },
                    {
                      "k": "owner",
                      "v": {
                        "t": 2,
                        "d": [
                          {
                            "k": "avatar_url",
                            "v": "https://avatars0.githubusercontent.com/u/6423157?v=4"
                          },
                          {
                            "k": "email",
                            "v": "sandromiguel@sandromiguel.com"
                          },
                          {
                            "k": "events_url",
                            "v": "https://api.github.com/users/SandroMiguel/events{/privacy}"
                          },
                          {
                            "k": "followers_url",
                            "v": "https://api.github.com/users/SandroMiguel/followers"
                          },
                          {
                            "k": "following_url",
                            "v": "https://api.github.com/users/SandroMiguel/following{/other_user}"
                          },
                          {
                            "k": "gists_url",
                            "v": "https://api.github.com/users/SandroMiguel/gists{/gist_id}"
                          },
                          {
                            "k": "gravatar_id",
                            "v": ""
                          },
                          {
                            "k": "html_url",
                            "v": "https://github.com/SandroMiguel"
                          },
                          {
                            "k": "id",
                            "v": 6423157.0
                          },
                          {
                            "k": "login",
                            "v": "SandroMiguel"
                          },
                          {
                            "k": "name",
                            "v": "SandroMiguel"
                          },
                          {
                            "k": "node_id",
                            "v": "MDQ6VXNlcjY0MjMxNTc="
                          },
                          {
                            "k": "organizations_url",
                            "v": "https://api.github.com/users/SandroMiguel/orgs"
                          },
                          {
                            "k": "received_events_url",
                            "v": "https://api.github.com/users/SandroMiguel/received_events"
                          },
                          {
                            "k": "repos_url",
                            "v": "https://api.github.com/users/SandroMiguel/repos"
                          },
                          {
                            "k": "site_admin",
                            "v": false
                          },
                          {
                            "k": "starred_url",
                            "v": "https://api.github.com/users/SandroMiguel/starred{/owner}{/repo}"
                          },
                          {
                            "k": "subscriptions_url",
                            "v": "https://api.github.com/users/SandroMiguel/subscriptions"
                          },
                          {
                            "k": "type",
                            "v": "User"
                          },
                          {
                            "k": "url",
                            "v": "https://api.github.com/users/SandroMiguel"
                          }
                        ]
                      }
                    },
                    {
                      "k": "private",
                      "v": false
                    },
                    {
                      "k": "pulls_url",
                      "v": "https://api.github.com/repos/SandroMiguel/eslint-config-cecilia/pulls{/number}"
                    },
                    {
                      "k": "pushed_at",
                      "v": 1603098822.0
                    },
                    {
                      "k": "releases_url",
                      "v": "https://api.github.com/repos/SandroMiguel/eslint-config-cecilia/releases{/id}"
                    },
                    {
                      "k": "size",
                      "v": 559.0
                    },
                    {
                      "k": "ssh_url",
                      "v": "git@github.com:SandroMiguel/eslint-config-cecilia.git"
                    },
                    {
                      "k": "stargazers",
                      "v": 5.0
                    },
                    {
                      "k": "stargazers_count",
                      "v": 5.0
                    },
                    {
                      "k": "stargazers_url",
                      "v": "https://api.github.com/repos/SandroMiguel/eslint-config-cecilia/stargazers"
                    },
                    {
                      "k": "statuses_url",
                      "v": "https://api.github.com/repos/SandroMiguel/eslint-config-cecilia/statuses/{sha}"
                    },
                    {
                      "k": "subscribers_url",
                      "v": "https://api.github.com/repos/SandroMiguel/eslint-config-cecilia/subscribers"
                    },
                    {
                      "k": "subscription_url",
                      "v": "https://api.github.com/repos/SandroMiguel/eslint-config-cecilia/subscription"
                    },
                    {
                      "k": "svn_url",
                      "v": "https://github.com/SandroMiguel/eslint-config-cecilia"
                    },
                    {
                      "k": "tags_url",
                      "v": "https://api.github.com/repos/SandroMiguel/eslint-config-cecilia/tags"
                    },
                    {
                      "k": "teams_url",
                      "v": "https://api.github.com/repos/SandroMiguel/eslint-config-cecilia/teams"
                    },
                    {
                      "k": "trees_url",
                      "v": "https://api.github.com/repos/SandroMiguel/eslint-config-cecilia/git/trees{/sha}"
                    },
                    {
                      "k": "updated_at",
                      "v": "2020-10-19T08:40:40Z"
                    },
                    {
                      "k": "url",
                      "v": "https://github.com/SandroMiguel/eslint-config-cecilia"
                    },
                    {
                      "k": "watchers",
                      "v": 5.0
                    },
                    {
                      "k": "watchers_count",
                      "v": 5.0
                    }
                  ]
                }
              },
              {
                "k": "sender",
                "v": {
                  "t": 2,
                  "d": [
                    {
                      "k": "avatar_url",
                      "v": "https://avatars0.githubusercontent.com/u/6423157?v=4"
                    },
                    {
                      "k": "events_url",
                      "v": "https://api.github.com/users/SandroMiguel/events{/privacy}"
                    },
                    {
                      "k": "followers_url",
                      "v": "https://api.github.com/users/SandroMiguel/followers"
                    },
                    {
                      "k": "following_url",
                      "v": "https://api.github.com/users/SandroMiguel/following{/other_user}"
                    },
                    {
                      "k": "gists_url",
                      "v": "https://api.github.com/users/SandroMiguel/gists{/gist_id}"
                    },
                    {
                      "k": "gravatar_id",
                      "v": ""
                    },
                    {
                      "k": "html_url",
                      "v": "https://github.com/SandroMiguel"
                    },
                    {
                      "k": "id",
                      "v": 6423157.0
                    },
                    {
                      "k": "login",
                      "v": "SandroMiguel"
                    },
                    {
                      "k": "node_id",
                      "v": "MDQ6VXNlcjY0MjMxNTc="
                    },
                    {
                      "k": "organizations_url",
                      "v": "https://api.github.com/users/SandroMiguel/orgs"
                    },
                    {
                      "k": "received_events_url",
                      "v": "https://api.github.com/users/SandroMiguel/received_events"
                    },
                    {
                      "k": "repos_url",
                      "v": "https://api.github.com/users/SandroMiguel/repos"
                    },
                    {
                      "k": "site_admin",
                      "v": false
                    },
                    {
                      "k": "starred_url",
                      "v": "https://api.github.com/users/SandroMiguel/starred{/owner}{/repo}"
                    },
                    {
                      "k": "subscriptions_url",
                      "v": "https://api.github.com/users/SandroMiguel/subscriptions"
                    },
                    {
                      "k": "type",
                      "v": "User"
                    },
                    {
                      "k": "url",
                      "v": "https://api.github.com/users/SandroMiguel"
                    }
                  ]
                }
              }
            ]
          }
        },
        {
          "k": "server_url",
          "v": "https://github.com"
        },
        {
          "k": "api_url",
          "v": "https://api.github.com"
        },
        {
          "k": "graphql_url",
          "v": "https://api.github.com/graphql"
        }
      ]
    },
    "needs": {
      "t": 2
    },
    "matrix": {
      "t": 2,
      "d": [
        {
          "k": "node-version",
          "v": "12.x"
        }
      ]
    },
    "strategy": {
      "t": 2,
      "d": [
        {
          "k": "fail-fast",
          "v": true
        },
        {
          "k": "job-index",
          "v": 1.0
        },
        {
          "k": "job-total",
          "v": 3.0
        },
        {
          "k": "max-parallel",
          "v": 3.0
        }
      ]
    }
  }
}
[2020-10-19 09:14:54Z INFO JobRunner] Job ID a9a345e6-1106-5aaa-6fe5-f842db892828
[2020-10-19 09:14:54Z INFO JobRunner] Creating job server with URL: https://pipelines.actions.githubusercontent.com/EZV3yuNtJkiMfuogBJg9msYAltt52ZBsMeEhGFYGv6nqRlc8aU/
[2020-10-19 09:14:54Z INFO GitHubActionsService] Starting operation Location.GetConnectionData
[2020-10-19 09:14:54Z INFO Worker] Listening for cancel message from the channel.
[2020-10-19 09:14:54Z INFO Worker] Waiting for the job to complete or for a cancel message from the channel.
[2020-10-19 09:14:55Z INFO GitHubActionsService] Finished operation Location.GetConnectionData
[2020-10-19 09:14:55Z INFO GitHubActionsService] Starting operation Location.GetConnectionData
[2020-10-19 09:14:55Z INFO GitHubActionsService] Finished operation Location.GetConnectionData
[2020-10-19 09:14:55Z INFO JobServerQueue] Start process web console line queue.
[2020-10-19 09:14:55Z INFO JobServerQueue] Start process file upload queue.
[2020-10-19 09:14:55Z INFO JobServerQueue] Start process timeline update queue.
[2020-10-19 09:14:55Z INFO ExecutionContext] Initialize GitHub context
[2020-10-19 09:14:55Z INFO ExecutionContext] Initialize Env context
[2020-10-19 09:14:55Z INFO ConfigurationStore] currentAssemblyLocation: /home/sandro/web/eslint-config-cecilia/actions-runner/bin/Runner.Worker.dll
[2020-10-19 09:14:55Z INFO HostContext] Well known directory 'Bin': '/home/sandro/web/eslint-config-cecilia/actions-runner/bin'
[2020-10-19 09:14:55Z INFO ConfigurationStore] binPath: /home/sandro/web/eslint-config-cecilia/actions-runner/bin
[2020-10-19 09:14:55Z INFO HostContext] Well known directory 'Bin': '/home/sandro/web/eslint-config-cecilia/actions-runner/bin'
[2020-10-19 09:14:55Z INFO HostContext] Well known directory 'Root': '/home/sandro/web/eslint-config-cecilia/actions-runner'
[2020-10-19 09:14:55Z INFO ConfigurationStore] RootFolder: /home/sandro/web/eslint-config-cecilia/actions-runner
[2020-10-19 09:14:55Z INFO HostContext] Well known directory 'Bin': '/home/sandro/web/eslint-config-cecilia/actions-runner/bin'
[2020-10-19 09:14:55Z INFO HostContext] Well known directory 'Root': '/home/sandro/web/eslint-config-cecilia/actions-runner'
[2020-10-19 09:14:55Z INFO HostContext] Well known config file 'Runner': '/home/sandro/web/eslint-config-cecilia/actions-runner/.runner'
[2020-10-19 09:14:55Z INFO ConfigurationStore] ConfigFilePath: /home/sandro/web/eslint-config-cecilia/actions-runner/.runner
[2020-10-19 09:14:55Z INFO HostContext] Well known directory 'Bin': '/home/sandro/web/eslint-config-cecilia/actions-runner/bin'
[2020-10-19 09:14:55Z INFO HostContext] Well known directory 'Root': '/home/sandro/web/eslint-config-cecilia/actions-runner'
[2020-10-19 09:14:55Z INFO HostContext] Well known config file 'Credentials': '/home/sandro/web/eslint-config-cecilia/actions-runner/.credentials'
[2020-10-19 09:14:55Z INFO ConfigurationStore] CredFilePath: /home/sandro/web/eslint-config-cecilia/actions-runner/.credentials
[2020-10-19 09:14:55Z INFO HostContext] Well known directory 'Bin': '/home/sandro/web/eslint-config-cecilia/actions-runner/bin'
[2020-10-19 09:14:55Z INFO HostContext] Well known directory 'Root': '/home/sandro/web/eslint-config-cecilia/actions-runner'
[2020-10-19 09:14:55Z INFO HostContext] Well known config file 'MigratedCredentials': '/home/sandro/web/eslint-config-cecilia/actions-runner/.credentials_migrated'
[2020-10-19 09:14:55Z INFO ConfigurationStore] MigratedCredFilePath: /home/sandro/web/eslint-config-cecilia/actions-runner/.credentials_migrated
[2020-10-19 09:14:55Z INFO HostContext] Well known directory 'Bin': '/home/sandro/web/eslint-config-cecilia/actions-runner/bin'
[2020-10-19 09:14:55Z INFO HostContext] Well known directory 'Root': '/home/sandro/web/eslint-config-cecilia/actions-runner'
[2020-10-19 09:14:55Z INFO HostContext] Well known config file 'Service': '/home/sandro/web/eslint-config-cecilia/actions-runner/.service'
[2020-10-19 09:14:55Z INFO ConfigurationStore] ServiceConfigFilePath: /home/sandro/web/eslint-config-cecilia/actions-runner/.service
[2020-10-19 09:14:55Z INFO ConfigurationStore] Read setting file: 319 chars
[2020-10-19 09:14:55Z INFO HostContext] Well known directory 'Bin': '/home/sandro/web/eslint-config-cecilia/actions-runner/bin'
[2020-10-19 09:14:55Z INFO HostContext] Well known directory 'Root': '/home/sandro/web/eslint-config-cecilia/actions-runner'
[2020-10-19 09:14:55Z INFO HostContext] Well known directory 'Diag': '/home/sandro/web/eslint-config-cecilia/actions-runner/_diag'
[2020-10-19 09:14:55Z INFO JobRunner] Starting the job execution context.
[2020-10-19 09:14:55Z INFO HostContext] Well known directory 'Bin': '/home/sandro/web/eslint-config-cecilia/actions-runner/bin'
[2020-10-19 09:14:55Z INFO HostContext] Well known directory 'Root': '/home/sandro/web/eslint-config-cecilia/actions-runner'
[2020-10-19 09:14:55Z INFO HostContext] Well known directory 'Work': '/home/sandro/web/eslint-config-cecilia/actions-runner/_work'
[2020-10-19 09:14:55Z INFO JobRunner] Validating directory permissions for: '/home/sandro/web/eslint-config-cecilia/actions-runner/_work'
[2020-10-19 09:14:55Z INFO HostContext] Well known directory 'Bin': '/home/sandro/web/eslint-config-cecilia/actions-runner/bin'
[2020-10-19 09:14:55Z INFO HostContext] Well known directory 'Root': '/home/sandro/web/eslint-config-cecilia/actions-runner'
[2020-10-19 09:14:55Z INFO HostContext] Well known directory 'Work': '/home/sandro/web/eslint-config-cecilia/actions-runner/_work'
[2020-10-19 09:14:55Z INFO HostContext] Well known directory 'Tools': '/home/sandro/web/eslint-config-cecilia/actions-runner/_work/_tool'
[2020-10-19 09:14:55Z INFO HostContext] Well known directory 'Bin': '/home/sandro/web/eslint-config-cecilia/actions-runner/bin'
[2020-10-19 09:14:55Z INFO HostContext] Well known directory 'Root': '/home/sandro/web/eslint-config-cecilia/actions-runner'
[2020-10-19 09:14:55Z INFO HostContext] Well known directory 'Work': '/home/sandro/web/eslint-config-cecilia/actions-runner/_work'
[2020-10-19 09:14:55Z INFO HostContext] Well known directory 'Temp': '/home/sandro/web/eslint-config-cecilia/actions-runner/_work/_temp'
[2020-10-19 09:14:55Z INFO JobRunner] Getting job extension.
[2020-10-19 09:14:55Z INFO JobRunner] Initialize job. Getting all job steps.
[2020-10-19 09:14:55Z INFO HostContext] Well known directory 'Bin': '/home/sandro/web/eslint-config-cecilia/actions-runner/bin'
[2020-10-19 09:14:55Z INFO HostContext] Well known directory 'Root': '/home/sandro/web/eslint-config-cecilia/actions-runner'
[2020-10-19 09:14:55Z INFO HostContext] Well known directory 'Diag': '/home/sandro/web/eslint-config-cecilia/actions-runner/_diag'
[2020-10-19 09:14:55Z INFO HostContext] Well known directory 'Bin': '/home/sandro/web/eslint-config-cecilia/actions-runner/bin'
[2020-10-19 09:14:55Z INFO HostContext] Well known directory 'Root': '/home/sandro/web/eslint-config-cecilia/actions-runner'
[2020-10-19 09:14:55Z INFO HostContext] Well known config file 'Credentials': '/home/sandro/web/eslint-config-cecilia/actions-runner/.credentials'
[2020-10-19 09:14:55Z INFO HostContext] Well known directory 'Bin': '/home/sandro/web/eslint-config-cecilia/actions-runner/bin'
[2020-10-19 09:14:55Z INFO HostContext] Well known directory 'Root': '/home/sandro/web/eslint-config-cecilia/actions-runner'
[2020-10-19 09:14:55Z INFO HostContext] Well known config file 'SetupInfo': '/home/sandro/web/eslint-config-cecilia/actions-runner/.setup_info'
[2020-10-19 09:14:55Z INFO HostContext] Well known directory 'Bin': '/home/sandro/web/eslint-config-cecilia/actions-runner/bin'
[2020-10-19 09:14:55Z INFO HostContext] Well known directory 'Root': '/home/sandro/web/eslint-config-cecilia/actions-runner'
[2020-10-19 09:14:55Z INFO HostContext] Well known directory 'Work': '/home/sandro/web/eslint-config-cecilia/actions-runner/_work'
[2020-10-19 09:14:55Z INFO PipelineDirectoryManager] Loading tracking config if exists: /home/sandro/web/eslint-config-cecilia/actions-runner/_work/_PipelineMapping/SandroMiguel/eslint-config-cecilia/PipelineFolder.json
[2020-10-19 09:14:55Z INFO PipelineDirectoryManager] Updating job run properties.
[2020-10-19 09:14:55Z INFO HostContext] Well known directory 'Bin': '/home/sandro/web/eslint-config-cecilia/actions-runner/bin'
[2020-10-19 09:14:55Z INFO HostContext] Well known directory 'Root': '/home/sandro/web/eslint-config-cecilia/actions-runner'
[2020-10-19 09:14:55Z INFO HostContext] Well known directory 'Work': '/home/sandro/web/eslint-config-cecilia/actions-runner/_work'
[2020-10-19 09:14:55Z INFO HostContext] Well known directory 'Bin': '/home/sandro/web/eslint-config-cecilia/actions-runner/bin'
[2020-10-19 09:14:55Z INFO HostContext] Well known directory 'Root': '/home/sandro/web/eslint-config-cecilia/actions-runner'
[2020-10-19 09:14:55Z INFO HostContext] Well known directory 'Work': '/home/sandro/web/eslint-config-cecilia/actions-runner/_work'
[2020-10-19 09:14:55Z INFO HostContext] Well known directory 'Bin': '/home/sandro/web/eslint-config-cecilia/actions-runner/bin'
[2020-10-19 09:14:55Z INFO HostContext] Well known directory 'Root': '/home/sandro/web/eslint-config-cecilia/actions-runner'
[2020-10-19 09:14:55Z INFO HostContext] Well known directory 'Work': '/home/sandro/web/eslint-config-cecilia/actions-runner/_work'
[2020-10-19 09:14:55Z INFO JobExtension] Downloading actions
[2020-10-19 09:14:55Z INFO HostContext] Well known directory 'Bin': '/home/sandro/web/eslint-config-cecilia/actions-runner/bin'
[2020-10-19 09:14:55Z INFO HostContext] Well known directory 'Root': '/home/sandro/web/eslint-config-cecilia/actions-runner'
[2020-10-19 09:14:55Z INFO HostContext] Well known directory 'Work': '/home/sandro/web/eslint-config-cecilia/actions-runner/_work'
[2020-10-19 09:14:55Z INFO HostContext] Well known directory 'Actions': '/home/sandro/web/eslint-config-cecilia/actions-runner/_work/_actions'
[2020-10-19 09:14:56Z INFO JobServerQueue] Try to append 1 batches web console lines for record '11baca09-7b92-4b11-b5a7-a66c271a04da', success rate: 1/1.
[2020-10-19 09:14:56Z INFO Worker] Cancellation/Shutdown message received.
[2020-10-19 09:14:56Z INFO HostContext] Well known directory 'Bin': '/home/sandro/web/eslint-config-cecilia/actions-runner/bin'
[2020-10-19 09:14:56Z INFO HostContext] Well known directory 'Root': '/home/sandro/web/eslint-config-cecilia/actions-runner'
[2020-10-19 09:14:56Z INFO HostContext] Well known directory 'Work': '/home/sandro/web/eslint-config-cecilia/actions-runner/_work'
[2020-10-19 09:14:56Z INFO HostContext] Well known directory 'Actions': '/home/sandro/web/eslint-config-cecilia/actions-runner/_work/_actions'
[2020-10-19 09:14:56Z INFO HostContext] Well known directory 'Bin': '/home/sandro/web/eslint-config-cecilia/actions-runner/bin'
[2020-10-19 09:14:56Z INFO HostContext] Well known directory 'Root': '/home/sandro/web/eslint-config-cecilia/actions-runner'
[2020-10-19 09:14:56Z INFO HostContext] Well known directory 'Work': '/home/sandro/web/eslint-config-cecilia/actions-runner/_work'
[2020-10-19 09:14:56Z INFO HostContext] Well known directory 'Actions': '/home/sandro/web/eslint-config-cecilia/actions-runner/_work/_actions'
[2020-10-19 09:14:56Z INFO ActionManager] Save archive 'https://api.github.com/repos/actions/checkout/tarball/a81bbbf8298c0fa03ea29cdc473d45769f953675' into /home/sandro/web/eslint-config-cecilia/actions-runner/_work/_actions/_temp_a0d4b124-214d-44df-95fa-684e4d4212cd/e17015ac-d700-44f9-86ce-00f8827b8df0.tar.gz.
[2020-10-19 09:14:56Z INFO JobServerQueue] Try to append 1 batches web console lines for record '11baca09-7b92-4b11-b5a7-a66c271a04da', success rate: 1/1.
[2020-10-19 09:14:57Z INFO ActionManager] Action download has been cancelled.
[2020-10-19 09:14:57Z ERR  JobExtension] Caught cancellation exception from JobExtension Initialization: System.Threading.Tasks.TaskCanceledException: A task was canceled.
   at GitHub.Runner.Worker.ActionManager.DownloadRepositoryActionAsync(IExecutionContext executionContext, ActionDownloadDetails actionDownloadDetails, ActionDownloadInfo downloadInfo, String destDirectory)
   at GitHub.Runner.Worker.ActionManager.DownloadRepositoryActionAsync(IExecutionContext executionContext, ActionDownloadInfo downloadInfo)
   at GitHub.Runner.Worker.ActionManager.PrepareActionsAsync(IExecutionContext executionContext, IEnumerable`1 steps)
   at GitHub.Runner.Worker.JobExtension.InitializeJob(IExecutionContext jobContext, AgentJobRequestMessage message)
[2020-10-19 09:14:57Z ERR  JobRunner] Job is canceled during initialize.
[2020-10-19 09:14:57Z ERR  JobRunner] Caught exception: System.Threading.Tasks.TaskCanceledException: A task was canceled.
   at GitHub.Runner.Worker.ActionManager.DownloadRepositoryActionAsync(IExecutionContext executionContext, ActionDownloadDetails actionDownloadDetails, ActionDownloadInfo downloadInfo, String destDirectory)
   at GitHub.Runner.Worker.ActionManager.DownloadRepositoryActionAsync(IExecutionContext executionContext, ActionDownloadInfo downloadInfo)
   at GitHub.Runner.Worker.ActionManager.PrepareActionsAsync(IExecutionContext executionContext, IEnumerable`1 steps)
   at GitHub.Runner.Worker.JobExtension.InitializeJob(IExecutionContext jobContext, AgentJobRequestMessage message)
   at GitHub.Runner.Worker.JobRunner.RunAsync(AgentJobRequestMessage message, CancellationToken jobRequestCancellationToken)
[2020-10-19 09:14:57Z INFO JobRunner] Shutting down the job server queue.
[2020-10-19 09:14:57Z INFO JobServerQueue] Fire signal to shutdown all queues.
[2020-10-19 09:14:57Z INFO JobServerQueue] All queue process task stopped.
[2020-10-19 09:14:57Z INFO JobServerQueue] Try to append 1 batches web console lines for record '11baca09-7b92-4b11-b5a7-a66c271a04da', success rate: 1/1.
[2020-10-19 09:14:57Z INFO JobServerQueue] Web console line queue drained.
[2020-10-19 09:14:57Z INFO JobServerQueue] Uploading 2 files in one shot.
[2020-10-19 09:14:58Z INFO JobServerQueue] Try to upload 2 log files or attachments, success rate: 2/2.
[2020-10-19 09:14:58Z INFO JobServerQueue] File upload queue drained.
[2020-10-19 09:14:58Z INFO JobServerQueue] Timeline update queue drained.
[2020-10-19 09:14:58Z INFO JobServerQueue] All queue process tasks have been stopped, and all queues are drained.
[2020-10-19 09:14:58Z INFO TempDirectoryManager] Cleaning runner temp folder: /home/sandro/web/eslint-config-cecilia/actions-runner/_work/_temp
[2020-10-19 09:14:58Z INFO JobRunner] Raising job completed event.
